2025-07-23 16:49:30 INFO  com.kdevfull.jiquintana.service.UserService - Peticion recibida
2025-07-23 16:53:21 INFO  com.kdevfull.jiquintana.service.UserService - Peticion recibida
2025-07-23 16:54:59.774 [restartedMain] INFO  JiquintanaApplication.logStarting(50) - Starting JiquintanaApplication using Java 17 with PID 29672 (C:\Users\vpena\Downloads\jiquintana\target\classes started by vpena in C:\Users\vpena\Downloads\jiquintana)
2025-07-23 16:54:59.775 [restartedMain] DEBUG JiquintanaApplication.logStarting(51) - Running with Spring Boot v3.2.2, Spring v6.1.3
2025-07-23 16:54:59.776 [restartedMain] INFO  JiquintanaApplication.logStartupProfileInfo(654) - No active profile set, falling back to 1 default profile: "default"
2025-07-23 16:55:00.795 [restartedMain] INFO  JiquintanaApplication.logStarted(56) - Started JiquintanaApplication in 1.055 seconds (process running for 697.899)
2025-07-23 16:55:08.514 [restartedMain] INFO  JiquintanaApplication.logStarting(50) - Starting JiquintanaApplication using Java 17 with PID 29672 (C:\Users\vpena\Downloads\jiquintana\target\classes started by vpena in C:\Users\vpena\Downloads\jiquintana)
2025-07-23 16:55:08.514 [restartedMain] DEBUG JiquintanaApplication.logStarting(51) - Running with Spring Boot v3.2.2, Spring v6.1.3
2025-07-23 16:55:08.515 [restartedMain] INFO  JiquintanaApplication.logStartupProfileInfo(654) - No active profile set, falling back to 1 default profile: "default"
2025-07-23 16:55:09.560 [restartedMain] INFO  JiquintanaApplication.logStarted(56) - Started JiquintanaApplication in 1.083 seconds (process running for 706.664)
2025-07-23 16:56:10.818 [restartedMain] INFO  JiquintanaApplication.logStarting(50) - Starting JiquintanaApplication using Java 17 with PID 29672 (C:\Users\vpena\Downloads\jiquintana\target\classes started by vpena in C:\Users\vpena\Downloads\jiquintana)
2025-07-23 16:56:10.819 [restartedMain] DEBUG JiquintanaApplication.logStarting(51) - Running with Spring Boot v3.2.2, Spring v6.1.3
2025-07-23 16:56:10.819 [restartedMain] INFO  JiquintanaApplication.logStartupProfileInfo(654) - No active profile set, falling back to 1 default profile: "default"
2025-07-23 16:56:11.857 [restartedMain] INFO  JiquintanaApplication.logStarted(56) - Started JiquintanaApplication in 1.067 seconds (process running for 768.961)
2025-07-23 16:56:25.418 [http-nio-9080-exec-1] INFO  UserService.getAllUsers(31) - Peticion recibida: getAllUsers
2025-07-23 16:56:40.459 [http-nio-9080-exec-2] INFO  UserService.getById(36) - Peticion recibida: getById
2025-07-23 16:56:40.525 [http-nio-9080-exec-2] ERROR UserService.lambda$0(39) - Error en: getById
2025-07-23 16:57:34.782 [restartedMain] INFO  JiquintanaApplication.logStarting(50) - Starting JiquintanaApplication using Java 17 with PID 29672 (C:\Users\vpena\Downloads\jiquintana\target\classes started by vpena in C:\Users\vpena\Downloads\jiquintana)
2025-07-23 16:57:34.783 [restartedMain] DEBUG JiquintanaApplication.logStarting(51) - Running with Spring Boot v3.2.2, Spring v6.1.3
2025-07-23 16:57:34.783 [restartedMain] INFO  JiquintanaApplication.logStartupProfileInfo(654) - No active profile set, falling back to 1 default profile: "default"
2025-07-23 16:57:35.790 [restartedMain] INFO  JiquintanaApplication.logStarted(56) - Started JiquintanaApplication in 1.038 seconds (process running for 852.894)
2025-07-23 16:57:56.881 [restartedMain] INFO  JiquintanaApplication.logStarting(50) - Starting JiquintanaApplication using Java 17 with PID 29672 (C:\Users\vpena\Downloads\jiquintana\target\classes started by vpena in C:\Users\vpena\Downloads\jiquintana)
2025-07-23 16:57:56.882 [restartedMain] DEBUG JiquintanaApplication.logStarting(51) - Running with Spring Boot v3.2.2, Spring v6.1.3
2025-07-23 16:57:56.882 [restartedMain] INFO  JiquintanaApplication.logStartupProfileInfo(654) - No active profile set, falling back to 1 default profile: "default"
2025-07-23 16:57:58.006 [restartedMain] INFO  JiquintanaApplication.logStarted(56) - Started JiquintanaApplication in 1.156 seconds (process running for 875.111)
2025-07-23 16:58:13.914 [restartedMain] INFO  JiquintanaApplication.logStarting(50) - Starting JiquintanaApplication using Java 17 with PID 29672 (C:\Users\vpena\Downloads\jiquintana\target\classes started by vpena in C:\Users\vpena\Downloads\jiquintana)
2025-07-23 16:58:13.914 [restartedMain] DEBUG JiquintanaApplication.logStarting(51) - Running with Spring Boot v3.2.2, Spring v6.1.3
2025-07-23 16:58:13.915 [restartedMain] INFO  JiquintanaApplication.logStartupProfileInfo(654) - No active profile set, falling back to 1 default profile: "default"
2025-07-23 16:58:14.946 [restartedMain] INFO  JiquintanaApplication.logStarted(56) - Started JiquintanaApplication in 1.061 seconds (process running for 892.05)
2025-07-23 16:58:58.672 [restartedMain] INFO  JiquintanaApplication.logStarting(50) - Starting JiquintanaApplication using Java 17 with PID 29672 (C:\Users\vpena\Downloads\jiquintana\target\classes started by vpena in C:\Users\vpena\Downloads\jiquintana)
2025-07-23 16:58:58.673 [restartedMain] DEBUG JiquintanaApplication.logStarting(51) - Running with Spring Boot v3.2.2, Spring v6.1.3
2025-07-23 16:58:58.673 [restartedMain] INFO  JiquintanaApplication.logStartupProfileInfo(654) - No active profile set, falling back to 1 default profile: "default"
2025-07-23 16:58:59.842 [restartedMain] INFO  JiquintanaApplication.logStarted(56) - Started JiquintanaApplication in 1.202 seconds (process running for 936.946)
2025-07-23 16:59:38.431 [restartedMain] INFO  JiquintanaApplication.logStarting(50) - Starting JiquintanaApplication using Java 17 with PID 29672 (C:\Users\vpena\Downloads\jiquintana\target\classes started by vpena in C:\Users\vpena\Downloads\jiquintana)
2025-07-23 16:59:38.431 [restartedMain] DEBUG JiquintanaApplication.logStarting(51) - Running with Spring Boot v3.2.2, Spring v6.1.3
2025-07-23 16:59:38.431 [restartedMain] INFO  JiquintanaApplication.logStartupProfileInfo(654) - No active profile set, falling back to 1 default profile: "default"
2025-07-23 16:59:39.410 [restartedMain] INFO  JiquintanaApplication.logStarted(56) - Started JiquintanaApplication in 1.005 seconds (process running for 976.514)
2025-07-23 16:59:49.180 [restartedMain] INFO  JiquintanaApplication.logStarting(50) - Starting JiquintanaApplication using Java 17 with PID 29672 (C:\Users\vpena\Downloads\jiquintana\target\classes started by vpena in C:\Users\vpena\Downloads\jiquintana)
2025-07-23 16:59:49.182 [restartedMain] DEBUG JiquintanaApplication.logStarting(51) - Running with Spring Boot v3.2.2, Spring v6.1.3
2025-07-23 16:59:49.182 [restartedMain] INFO  JiquintanaApplication.logStartupProfileInfo(654) - No active profile set, falling back to 1 default profile: "default"
2025-07-23 16:59:50.154 [restartedMain] INFO  JiquintanaApplication.logStarted(56) - Started JiquintanaApplication in 1.003 seconds (process running for 987.258)
2025-07-23 17:03:27.857 [restartedMain] INFO  JiquintanaApplication.logStarting(50) - Starting JiquintanaApplication using Java 17 with PID 29672 (C:\Users\vpena\Downloads\jiquintana\target\classes started by vpena in C:\Users\vpena\Downloads\jiquintana)
2025-07-23 17:03:27.858 [restartedMain] DEBUG JiquintanaApplication.logStarting(51) - Running with Spring Boot v3.2.2, Spring v6.1.3
2025-07-23 17:03:27.858 [restartedMain] INFO  JiquintanaApplication.logStartupProfileInfo(654) - No active profile set, falling back to 1 default profile: "default"
2025-07-23 17:03:28.940 [restartedMain] INFO  JiquintanaApplication.logStarted(56) - Started JiquintanaApplication in 1.11 seconds (process running for 1206.044)
2025-07-23 17:04:35.221 [restartedMain] INFO  JiquintanaApplication.logStarting(50) - Starting JiquintanaApplication using Java 17 with PID 29672 (C:\Users\vpena\Downloads\jiquintana\target\classes started by vpena in C:\Users\vpena\Downloads\jiquintana)
2025-07-23 17:04:35.222 [restartedMain] DEBUG JiquintanaApplication.logStarting(51) - Running with Spring Boot v3.2.2, Spring v6.1.3
2025-07-23 17:04:35.222 [restartedMain] INFO  JiquintanaApplication.logStartupProfileInfo(654) - No active profile set, falling back to 1 default profile: "default"
2025-07-23 17:04:36.461 [restartedMain] INFO  JiquintanaApplication.logStarted(56) - Started JiquintanaApplication in 1.269 seconds (process running for 1273.565)
2025-07-23 17:06:16.784 [restartedMain] INFO  JiquintanaApplication.logStarting(50) - Starting JiquintanaApplication using Java 17 with PID 29672 (C:\Users\vpena\Downloads\jiquintana\target\classes started by vpena in C:\Users\vpena\Downloads\jiquintana)
2025-07-23 17:06:16.784 [restartedMain] DEBUG JiquintanaApplication.logStarting(51) - Running with Spring Boot v3.2.2, Spring v6.1.3
2025-07-23 17:06:16.784 [restartedMain] INFO  JiquintanaApplication.logStartupProfileInfo(654) - No active profile set, falling back to 1 default profile: "default"
2025-07-23 17:06:17.730 [restartedMain] INFO  JiquintanaApplication.logStarted(56) - Started JiquintanaApplication in 0.976 seconds (process running for 1374.834)
2025-07-23 17:06:28.520 [restartedMain] INFO  JiquintanaApplication.logStarting(50) - Starting JiquintanaApplication using Java 17 with PID 29672 (C:\Users\vpena\Downloads\jiquintana\target\classes started by vpena in C:\Users\vpena\Downloads\jiquintana)
2025-07-23 17:06:28.521 [restartedMain] DEBUG JiquintanaApplication.logStarting(51) - Running with Spring Boot v3.2.2, Spring v6.1.3
2025-07-23 17:06:28.521 [restartedMain] INFO  JiquintanaApplication.logStartupProfileInfo(654) - No active profile set, falling back to 1 default profile: "default"
2025-07-23 17:06:29.474 [restartedMain] INFO  JiquintanaApplication.logStarted(56) - Started JiquintanaApplication in 0.984 seconds (process running for 1386.578)
2025-07-23 17:06:47.752 [http-nio-9080-exec-1] INFO  UserService.getById(36) - Peticion recibida: getById
2025-07-23 17:06:47.756 [http-nio-9080-exec-1] ERROR UserService.lambda$0(39) - Error en: getById
2025-07-23 17:43:57.454 [restartedMain] INFO  JiquintanaApplication.logStarting(50) - Starting JiquintanaApplication using Java 17 with PID 26556 (C:\Users\vpena\Downloads\jiquintana\target\classes started by vpena in C:\Users\vpena\Downloads\jiquintana)
2025-07-23 17:43:57.457 [restartedMain] DEBUG JiquintanaApplication.logStarting(51) - Running with Spring Boot v3.2.2, Spring v6.1.3
2025-07-23 17:43:57.459 [restartedMain] INFO  JiquintanaApplication.logStartupProfileInfo(654) - No active profile set, falling back to 1 default profile: "default"
2025-07-23 17:44:02.780 [restartedMain] INFO  JiquintanaApplication.logStarted(56) - Started JiquintanaApplication in 5.767 seconds (process running for 6.91)
2025-07-23 17:44:39.588 [http-nio-9080-exec-3] INFO  AuthService.login(35) - Peticion recibida: login
2025-07-23 17:44:54.174 [http-nio-9080-exec-5] INFO  ProjectService.findAllByOwner(28) - Peticion recibida: findAllByOwner
2025-07-23 17:53:04.877 [restartedMain] INFO  JiquintanaApplication.logStarting(50) - Starting JiquintanaApplication using Java 17 with PID 26556 (C:\Users\vpena\Downloads\jiquintana\target\classes started by vpena in C:\Users\vpena\Downloads\jiquintana)
2025-07-23 17:53:04.877 [restartedMain] DEBUG JiquintanaApplication.logStarting(51) - Running with Spring Boot v3.2.2, Spring v6.1.3
2025-07-23 17:53:04.878 [restartedMain] INFO  JiquintanaApplication.logStartupProfileInfo(654) - No active profile set, falling back to 1 default profile: "default"
2025-07-23 17:53:05.920 [restartedMain] INFO  JiquintanaApplication.logStarted(56) - Started JiquintanaApplication in 1.078 seconds (process running for 550.05)
2025-07-23 18:36:26.578 [restartedMain] INFO  JiquintanaApplication.logStarting(50) - Starting JiquintanaApplication using Java 17 with PID 28220 (C:\Users\vpena\Downloads\jiquintana\target\classes started by vpena in C:\Users\vpena\Downloads\jiquintana)
2025-07-23 18:36:26.581 [restartedMain] DEBUG JiquintanaApplication.logStarting(51) - Running with Spring Boot v3.2.2, Spring v6.1.3
2025-07-23 18:36:26.583 [restartedMain] INFO  JiquintanaApplication.logStartupProfileInfo(654) - No active profile set, falling back to 1 default profile: "default"
2025-07-23 18:36:31.602 [restartedMain] INFO  JiquintanaApplication.logStarted(56) - Started JiquintanaApplication in 5.499 seconds (process running for 6.628)
2025-07-23 18:36:58.968 [http-nio-9080-exec-10] INFO  AuthService.login(35) - Peticion recibida: login
2025-07-23 18:37:14.698 [http-nio-9080-exec-1] INFO  UserService.getAllUsers(31) - Peticion recibida: getAllUsers
2025-07-23 18:37:23.179 [http-nio-9080-exec-3] INFO  ProjectService.findAllByOwner(33) - Peticion recibida: findAllByOwner
2025-07-23 18:37:30.915 [http-nio-9080-exec-2] INFO  TaskService.findByUser(28) - Peticion recibida: findByUser
2025-07-23 18:38:06.672 [http-nio-9080-exec-8] INFO  ProjectService.delete(52) - Peticion recibida: delete
2025-07-23 18:38:16.759 [http-nio-9080-exec-9] INFO  TaskService.findByUser(28) - Peticion recibida: findByUser
2025-07-23 18:38:39.684 [http-nio-9080-exec-10] INFO  TaskService.findByUser(28) - Peticion recibida: findByUser
2025-07-23 18:38:51.449 [http-nio-9080-exec-1] INFO  TaskService.findByUser(28) - Peticion recibida: findByUser
2025-07-23 18:38:59.600 [http-nio-9080-exec-3] INFO  ProjectService.delete(52) - Peticion recibida: delete
2025-07-23 18:39:04.420 [http-nio-9080-exec-2] INFO  TaskService.findByUser(28) - Peticion recibida: findByUser
